Traceback (most recent call last):
  File "/opt/hostedtoolcache/Python/3.8.6/x64/lib/python3.8/site-packages/jupyter_cache/executors/utils.py", line 51, in single_nb_execution
    executenb(
  File "/opt/hostedtoolcache/Python/3.8.6/x64/lib/python3.8/site-packages/nbclient/client.py", line 1087, in execute
    return NotebookClient(nb=nb, resources=resources, km=km, **kwargs).execute()
  File "/opt/hostedtoolcache/Python/3.8.6/x64/lib/python3.8/site-packages/nbclient/util.py", line 74, in wrapped
    return just_run(coro(*args, **kwargs))
  File "/opt/hostedtoolcache/Python/3.8.6/x64/lib/python3.8/site-packages/nbclient/util.py", line 53, in just_run
    return loop.run_until_complete(coro)
  File "/opt/hostedtoolcache/Python/3.8.6/x64/lib/python3.8/asyncio/base_events.py", line 616, in run_until_complete
    return future.result()
  File "/opt/hostedtoolcache/Python/3.8.6/x64/lib/python3.8/site-packages/nbclient/client.py", line 540, in async_execute
    await self.async_execute_cell(
  File "/opt/hostedtoolcache/Python/3.8.6/x64/lib/python3.8/site-packages/nbclient/client.py", line 832, in async_execute_cell
    self._check_raise_for_error(cell, exec_reply)
  File "/opt/hostedtoolcache/Python/3.8.6/x64/lib/python3.8/site-packages/nbclient/client.py", line 740, in _check_raise_for_error
    raise CellExecutionError.from_cell_and_msg(cell, exec_reply['content'])
nbclient.exceptions.CellExecutionError: An error occurred while executing the following cell:
------------------
numbers = [1, 2, 3]
iterable_numbers = iter(numbers)

print("Calling 1st time: ", next(iterable_numbers))

print("Calling 2nd time: ", next(iterable_numbers))

print("Calling 3rd time: ", next(iterable_numbers))

print("Calling 4th time: ", next(iterable_numbers)) # Raises StopIteration
------------------

[0;31m---------------------------------------------------------------------------[0m
[0;31mStopIteration[0m                             Traceback (most recent call last)
[0;32m<ipython-input-2-cdd05496ca3a>[0m in [0;36m<module>[0;34m[0m
[1;32m      8[0m [0mprint[0m[0;34m([0m[0;34m"Calling 3rd time: "[0m[0;34m,[0m [0mnext[0m[0;34m([0m[0miterable_numbers[0m[0;34m)[0m[0;34m)[0m[0;34m[0m[0;34m[0m[0m
[1;32m      9[0m [0;34m[0m[0m
[0;32m---> 10[0;31m [0mprint[0m[0;34m([0m[0;34m"Calling 4th time: "[0m[0;34m,[0m [0mnext[0m[0;34m([0m[0miterable_numbers[0m[0;34m)[0m[0;34m)[0m [0;31m# Raises StopIteration[0m[0;34m[0m[0;34m[0m[0m
[0m
[0;31mStopIteration[0m: 
StopIteration: 

